<?xml version="1.0" encoding="UTF-8"?>
<testsuites>
  <testsuite name="/Users/faruk/Documents/Development/flutterwave-php/tests" tests="15" assertions="15" errors="0" warnings="0" failures="0" skipped="0" time="0.013112">
    <testsuite name="StarfolkSoftware\Flutterwave\Tests\PlanTest" file="/Users/faruk/Documents/Development/flutterwave-php/tests/PlanTest.php" tests="5" assertions="5" errors="0" warnings="0" failures="0" skipped="0" time="0.010276">
      <testcase name="testPlanCanBeUpdated" class="StarfolkSoftware\Flutterwave\Tests\PlanTest" classname="StarfolkSoftware.Flutterwave.Tests.PlanTest" file="/Users/faruk/Documents/Development/flutterwave-php/tests/PlanTest.php" line="48" assertions="1" time="0.008883"/>
      <testcase name="testPlanCanBeCreated" class="StarfolkSoftware\Flutterwave\Tests\PlanTest" classname="StarfolkSoftware.Flutterwave.Tests.PlanTest" file="/Users/faruk/Documents/Development/flutterwave-php/tests/PlanTest.php" line="11" assertions="1" time="0.000428"/>
      <testcase name="testPlanCanBeFound" class="StarfolkSoftware\Flutterwave\Tests\PlanTest" classname="StarfolkSoftware.Flutterwave.Tests.PlanTest" file="/Users/faruk/Documents/Development/flutterwave-php/tests/PlanTest.php" line="37" assertions="1" time="0.000484"/>
      <testcase name="testPlanCanBeCancelled" class="StarfolkSoftware\Flutterwave\Tests\PlanTest" classname="StarfolkSoftware.Flutterwave.Tests.PlanTest" file="/Users/faruk/Documents/Development/flutterwave-php/tests/PlanTest.php" line="62" assertions="1" time="0.000286"/>
      <testcase name="testPlansCanBeRetrieved" class="StarfolkSoftware\Flutterwave\Tests\PlanTest" classname="StarfolkSoftware.Flutterwave.Tests.PlanTest" file="/Users/faruk/Documents/Development/flutterwave-php/tests/PlanTest.php" line="26" assertions="1" time="0.000196"/>
    </testsuite>
    <testsuite name="StarfolkSoftware\Flutterwave\Tests\SubscriptionTest" file="/Users/faruk/Documents/Development/flutterwave-php/tests/SubscriptionTest.php" tests="3" assertions="3" errors="0" warnings="0" failures="0" skipped="0" time="0.000840">
      <testcase name="testSubscriptionCanBeActivated" class="StarfolkSoftware\Flutterwave\Tests\SubscriptionTest" classname="StarfolkSoftware.Flutterwave.Tests.SubscriptionTest" file="/Users/faruk/Documents/Development/flutterwave-php/tests/SubscriptionTest.php" line="34" assertions="1" time="0.000342"/>
      <testcase name="testSubscriptionsCanBeRetrieved" class="StarfolkSoftware\Flutterwave\Tests\SubscriptionTest" classname="StarfolkSoftware.Flutterwave.Tests.SubscriptionTest" file="/Users/faruk/Documents/Development/flutterwave-php/tests/SubscriptionTest.php" line="10" assertions="1" time="0.000318"/>
      <testcase name="testSubscriptionCanBeCancelled" class="StarfolkSoftware\Flutterwave\Tests\SubscriptionTest" classname="StarfolkSoftware.Flutterwave.Tests.SubscriptionTest" file="/Users/faruk/Documents/Development/flutterwave-php/tests/SubscriptionTest.php" line="23" assertions="1" time="0.000179"/>
    </testsuite>
    <testsuite name="StarfolkSoftware\Flutterwave\Tests\TransactionTest" file="/Users/faruk/Documents/Development/flutterwave-php/tests/TransactionTest.php" tests="5" assertions="5" errors="0" warnings="0" failures="0" skipped="0" time="0.001255">
      <testcase name="testTransactionCanBeVerified" class="StarfolkSoftware\Flutterwave\Tests\TransactionTest" classname="StarfolkSoftware.Flutterwave.Tests.TransactionTest" file="/Users/faruk/Documents/Development/flutterwave-php/tests/TransactionTest.php" line="53" assertions="1" time="0.000309"/>
      <testcase name="testWebhookCanBeResent" class="StarfolkSoftware\Flutterwave\Tests\TransactionTest" classname="StarfolkSoftware.Flutterwave.Tests.TransactionTest" file="/Users/faruk/Documents/Development/flutterwave-php/tests/TransactionTest.php" line="40" assertions="1" time="0.000189"/>
      <testcase name="testTransactionTimelineCanBeRetrieved" class="StarfolkSoftware\Flutterwave\Tests\TransactionTest" classname="StarfolkSoftware.Flutterwave.Tests.TransactionTest" file="/Users/faruk/Documents/Development/flutterwave-php/tests/TransactionTest.php" line="66" assertions="1" time="0.000176"/>
      <testcase name="testTransactionFeeCanBeRetrieved" class="StarfolkSoftware\Flutterwave\Tests\TransactionTest" classname="StarfolkSoftware.Flutterwave.Tests.TransactionTest" file="/Users/faruk/Documents/Development/flutterwave-php/tests/TransactionTest.php" line="24" assertions="1" time="0.000292"/>
      <testcase name="testTransactionsCanBeRetrieved" class="StarfolkSoftware\Flutterwave\Tests\TransactionTest" classname="StarfolkSoftware.Flutterwave.Tests.TransactionTest" file="/Users/faruk/Documents/Development/flutterwave-php/tests/TransactionTest.php" line="11" assertions="1" time="0.000290"/>
    </testsuite>
    <testsuite name="StarfolkSoftware\Flutterwave\Tests\ChargeTest" file="/Users/faruk/Documents/Development/flutterwave-php/tests/ChargeTest.php" tests="2" assertions="2" errors="0" warnings="0" failures="0" skipped="0" time="0.000741">
      <testcase name="testCanPerformTokenizedCharges" class="StarfolkSoftware\Flutterwave\Tests\ChargeTest" classname="StarfolkSoftware.Flutterwave.Tests.ChargeTest" file="/Users/faruk/Documents/Development/flutterwave-php/tests/ChargeTest.php" line="11" assertions="1" time="0.000448"/>
      <testcase name="testCanUpdateCustomerToken" class="StarfolkSoftware\Flutterwave\Tests\ChargeTest" classname="StarfolkSoftware.Flutterwave.Tests.ChargeTest" file="/Users/faruk/Documents/Development/flutterwave-php/tests/ChargeTest.php" line="31" assertions="1" time="0.000293"/>
    </testsuite>
  </testsuite>
</testsuites>
